+ cc[USER] lib/random_data.c
+ ar obj/lib/libjos.a
+ GEN: obj/prog/test1.ld
+ ld obj/prog/test1
+ GEN obj/prog/test1_out.S
+ build obj/prog/test1_out
+ GEN: obj/prog/test2.ld
+ ld obj/prog/test2
+ GEN obj/prog/test2_out.S
+ build obj/prog/test2_out
+ GEN: obj/prog/test3.ld
+ ld obj/prog/test3
+ GEN obj/prog/test3_out.S
+ build obj/prog/test3_out
+ GEN: obj/prog/test4.ld
+ ld obj/prog/test4
+ GEN obj/prog/test4_out.S
+ build obj/prog/test4_out
+ GEN: obj/prog/test5.ld
+ ld obj/prog/test5
+ GEN obj/prog/test5_out.S
+ build obj/prog/test5_out
+ GEN: obj/prog/test6.ld
+ ld obj/prog/test6
+ GEN obj/prog/test6_out.S
+ build obj/prog/test6_out
+ ld obj/kern/kernel
***
*** Now run 'gdb'.
***
WARNING: Image format was not specified for 'json:{"fat-type": 0, "dir": "LoaderPkg/ESP", "driver": "vvfat", "floppy": false, "rw": true, "write-target": {"driver": "qcow", "file": {"driver": "file", "filename": "/var/tmp/vl.94LZYO"}}}' and probing guessed raw.
         Automatically detecting the format is dangerous for raw images, write operations on block 0 will be restricted.
         Specify the 'raw' format explicitly to remove the restrictions.
[2J[01;01H[=3h[2J[01;01HBdsDxe: failed to load Boot0001 "UEFI QEMU DVD-ROM QM00003 " from PciRoot(0x0)/Pci(0x1,0x1)/Ata(Secondary,Master,0x0): Not Found
BdsDxe: loading Boot0002 "UEFI QEMU HARDDISK QM00001 " from PciRoot(0x0)/Pci(0x1,0x1)/Ata(Primary,Master,0x0)
BdsDxe: starting Boot0002 "UEFI QEMU HARDDISK QM00001 " from PciRoot(0x0)/Pci(0x1,0x1)/Ata(Primary,Master,0x0)
JOS: Awaiting debugger connection
JOS: Loading at 2022-12-21 - 12:28:47...
JOS: Found ACPI 1.0 RSDP table 1FB7E000
JOS: Found ACPI 2.0 RSDP table 1FB7E014
JOS: CR0 - 80010033 CR3 - 1FC01000
JOS: Loading kernel image...
JOS: Loading debug tables...
JOS: MinAddress: 0x1500000, MaxAddress: 0x1E46000, Kernel size: 0x946000
JOS: Loaded kernel with 1500000 entry point
JOS: LoaderParams pointer: 1F938890
JOS: KernelCallGate: 1E8375CA
6828 decimal is 15254 octal!
END: 0x8041e46000
Memory allocator is initiallized
Physical memory: 512M available, base = 640K, extended = 523648K
Physical memory tree is correct
enabled interrupts: 2
Initialized timer rtc
Initialized timer pm
Initialized timer hpet0
Initialized timer hpet1
Framebuffer initialised
enabled interrupts: 0 2
